\BOOKMARK [0][-]{chapter.1}{\376\377\000I\000n\000t\000r\000o\000d\000u\000c\000t\000i\000o\000n}{}% 1
\BOOKMARK [1][-]{section.1.1}{\376\377\000O\000v\000e\000r\000v\000i\000e\000w}{chapter.1}% 2
\BOOKMARK [1][-]{section.1.2}{\376\377\000H\000e\000a\000l\000t\000h\000c\000a\000r\000e\000\040\000I\000n\000s\000u\000r\000a\000n\000c\000e}{chapter.1}% 3
\BOOKMARK [1][-]{section.1.3}{\376\377\000H\000e\000a\000l\000t\000h\000c\000a\000r\000e\000\040\000F\000r\000a\000u\000d}{chapter.1}% 4
\BOOKMARK [2][-]{subsection.1.3.1}{\376\377\000H\000e\000a\000l\000t\000h\000c\000a\000r\000e\000\040\000S\000e\000r\000v\000i\000c\000e\000\040\000P\000r\000o\000v\000i\000d\000e\000r\000'\000s\000\040\000F\000r\000a\000u\000d}{section.1.3}% 5
\BOOKMARK [2][-]{subsection.1.3.2}{\376\377\000H\000I\000\040\000S\000u\000b\000s\000c\000r\000i\000b\000e\000r\000s\000\040\000F\000r\000a\000u\000d}{section.1.3}% 6
\BOOKMARK [2][-]{subsection.1.3.3}{\376\377\000H\000I\000\040\000P\000r\000o\000v\000i\000d\000e\000r\000s\000\040\000F\000r\000a\000u\000d}{section.1.3}% 7
\BOOKMARK [1][-]{section.1.4}{\376\377\000F\000r\000a\000u\000d\000\040\000P\000r\000e\000v\000e\000n\000t\000i\000o\000n\000\040\000i\000n\000\040\000H\000e\000a\000l\000t\000h\000\040\000I\000n\000s\000u\000r\000a\000n\000c\000e}{chapter.1}% 8
\BOOKMARK [1][-]{section.1.5}{\376\377\000M\000a\000c\000h\000i\000n\000e\000\040\000L\000e\000a\000r\000n\000i\000n\000g\000\040\000a\000n\000d\000\040\000B\000l\000o\000c\000k\000c\000h\000a\000i\000n\000\040\000f\000o\000r\000\040\000H\000e\000a\000l\000t\000h\000c\000a\000r\000e\000\040\000F\000r\000a\000u\000d\000\040\000P\000r\000e\000v\000e\000n\000t\000i\000o\000n}{chapter.1}% 9
\BOOKMARK [1][-]{section.1.6}{\376\377\000I\000n\000n\000o\000v\000a\000t\000i\000v\000e\000\040\000H\000e\000a\000l\000t\000h\000c\000a\000r\000e\000\040\000I\000n\000s\000u\000r\000a\000n\000c\000e\000\040\000F\000r\000a\000u\000d\000\040\000D\000e\000t\000e\000c\000t\000i\000o\000n}{chapter.1}% 10
\BOOKMARK [1][-]{section.1.7}{\376\377\000F\000r\000a\000u\000d\000\040\000D\000e\000t\000e\000c\000t\000i\000o\000n\000\040\000I\000s\000s\000u\000e\000s\000\040\000a\000n\000d\000\040\000C\000h\000a\000l\000l\000e\000n\000g\000e\000s}{chapter.1}% 11
\BOOKMARK [2][-]{subsection.1.7.1}{\376\377\000S\000o\000p\000h\000i\000s\000t\000i\000c\000a\000t\000e\000d\000\040\000F\000r\000a\000u\000d\000\040\000S\000c\000h\000e\000m\000e\000s}{section.1.7}% 12
\BOOKMARK [2][-]{subsection.1.7.2}{\376\377\000D\000a\000t\000a\000\040\000V\000o\000l\000u\000m\000e\000\040\000a\000n\000d\000\040\000V\000a\000r\000i\000e\000t\000y}{section.1.7}% 13
\BOOKMARK [2][-]{subsection.1.7.3}{\376\377\000D\000a\000t\000a\000\040\000Q\000u\000a\000l\000i\000t\000y}{section.1.7}% 14
\BOOKMARK [2][-]{subsection.1.7.4}{\376\377\000C\000o\000n\000n\000e\000c\000t\000i\000n\000g\000\040\000t\000o\000\040\000O\000u\000t\000d\000a\000t\000e\000d\000\040\000C\000o\000m\000p\000u\000t\000e\000r\000\040\000S\000y\000s\000t\000e\000m\000s}{section.1.7}% 15
\BOOKMARK [2][-]{subsection.1.7.5}{\376\377\000P\000r\000i\000v\000a\000c\000y\000\040\000C\000o\000n\000c\000e\000r\000n\000s}{section.1.7}% 16
\BOOKMARK [2][-]{subsection.1.7.6}{\376\377\000L\000a\000c\000k\000\040\000o\000f\000\040\000S\000t\000a\000n\000d\000a\000r\000d\000i\000z\000a\000t\000i\000o\000n}{section.1.7}% 17
\BOOKMARK [2][-]{subsection.1.7.7}{\376\377\000S\000e\000c\000u\000r\000i\000t\000y\000\040\000o\000f\000\040\000H\000I\000\040\000S\000y\000s\000t\000e\000m}{section.1.7}% 18
\BOOKMARK [2][-]{subsection.1.7.8}{\376\377\000R\000e\000s\000o\000u\000r\000c\000e\000\040\000C\000o\000n\000s\000t\000r\000a\000i\000n\000t\000s}{section.1.7}% 19
\BOOKMARK [2][-]{subsection.1.7.9}{\376\377\000C\000r\000o\000s\000s\000-\000C\000h\000a\000n\000n\000e\000l\000\040\000F\000r\000a\000u\000d}{section.1.7}% 20
\BOOKMARK [2][-]{subsection.1.7.10}{\376\377\000R\000e\000g\000u\000l\000a\000t\000o\000r\000y\000\040\000C\000h\000a\000l\000l\000e\000n\000g\000e\000s}{section.1.7}% 21
\BOOKMARK [2][-]{subsection.1.7.11}{\376\377\000M\000a\000c\000h\000i\000n\000e\000\040\000L\000e\000a\000r\000n\000i\000n\000g\000\040\000a\000n\000d\000\040\000A\000I\000\040\000L\000i\000m\000i\000t\000a\000t\000i\000o\000n\000s}{section.1.7}% 22
\BOOKMARK [2][-]{subsection.1.7.12}{\376\377\000H\000u\000m\000a\000n\000\040\000E\000x\000p\000e\000r\000t\000i\000s\000e}{section.1.7}% 23
\BOOKMARK [1][-]{section.1.8}{\376\377\000T\000a\000x\000o\000n\000o\000m\000y\000\040\000o\000f\000\040\000H\000e\000a\000l\000t\000h\000\040\000I\000n\000s\000u\000r\000a\000n\000c\000e\000\040\000F\000r\000a\000u\000d\000\040\000D\000e\000t\000e\000c\000t\000i\000o\000n}{chapter.1}% 24
\BOOKMARK [2][-]{subsection.1.8.1}{\376\377\000S\000u\000p\000e\000r\000v\000i\000s\000e\000d\000\040\000L\000e\000a\000r\000n\000i\000n\000g}{section.1.8}% 25
\BOOKMARK [2][-]{subsection.1.8.2}{\376\377\000U\000n\000s\000u\000p\000e\000r\000v\000i\000s\000e\000d\000\040\000L\000e\000a\000r\000n\000i\000n\000g}{section.1.8}% 26
\BOOKMARK [2][-]{subsection.1.8.3}{\376\377\000H\000y\000b\000r\000i\000d\000\040\000A\000p\000p\000r\000o\000a\000c\000h}{section.1.8}% 27
\BOOKMARK [2][-]{subsection.1.8.4}{\376\377\000H\000I\000C\000\040\000F\000r\000a\000u\000d\000\040\000D\000e\000t\000e\000c\000t\000i\000o\000n\000\040\000f\000r\000o\000m\000\040\000G\000r\000o\000u\000p\000\040\000o\000f\000\040\000P\000e\000o\000p\000l\000e}{section.1.8}% 28
\BOOKMARK [2][-]{subsection.1.8.5}{\376\377\000B\000l\000o\000c\000k\000c\000h\000a\000i\000n\000-\000B\000a\000s\000e\000d\000\040\000H\000I\000C\000\040\000F\000r\000a\000u\000d\000\040\000P\000r\000e\000v\000e\000n\000t\000i\000o\000n}{section.1.8}% 29
\BOOKMARK [2][-]{subsection.1.8.6}{\376\377\000A\000I\000\040\000a\000n\000d\000\040\000B\000l\000o\000c\000k\000c\000h\000a\000i\000n\000-\000B\000a\000s\000e\000d\000\040\000H\000I\000C\000\040\000F\000r\000a\000u\000d\000\040\000D\000e\000t\000e\000c\000t\000i\000o\000n}{section.1.8}% 30
\BOOKMARK [1][-]{section.1.9}{\376\377\000S\000e\000c\000u\000r\000i\000t\000y\000\040\000a\000n\000d\000\040\000P\000r\000i\000v\000a\000c\000y\000\040\000R\000e\000q\000u\000i\000r\000e\000m\000e\000n\000t\000s\000\040\000o\000f\000\040\000H\000e\000a\000l\000t\000h\000c\000a\000r\000e\000\040\000A\000p\000p\000l\000i\000c\000a\000t\000i\000o\000n\000s}{chapter.1}% 31
\BOOKMARK [2][-]{subsection.1.9.1}{\376\377\000D\000a\000t\000a\000\040\000C\000o\000n\000f\000i\000d\000e\000n\000t\000i\000a\000l\000i\000t\000y}{section.1.9}% 32
\BOOKMARK [2][-]{subsection.1.9.2}{\376\377\000D\000a\000t\000a\000\040\000A\000u\000t\000h\000e\000n\000t\000i\000c\000a\000t\000i\000o\000n}{section.1.9}% 33
\BOOKMARK [2][-]{subsection.1.9.3}{\376\377\000S\000t\000r\000o\000n\000g\000\040\000U\000s\000e\000r\000\040\000A\000u\000t\000h\000e\000n\000t\000i\000c\000a\000t\000i\000o\000n}{section.1.9}% 34
\BOOKMARK [2][-]{subsection.1.9.4}{\376\377\000D\000a\000t\000a\000\040\000I\000n\000t\000e\000g\000r\000i\000t\000y}{section.1.9}% 35
\BOOKMARK [2][-]{subsection.1.9.5}{\376\377\000K\000e\000y\000\040\000D\000i\000s\000t\000r\000i\000b\000u\000t\000i\000o\000n}{section.1.9}% 36
\BOOKMARK [2][-]{subsection.1.9.6}{\376\377\000A\000c\000c\000e\000s\000s\000\040\000C\000o\000n\000t\000r\000o\000l}{section.1.9}% 37
\BOOKMARK [2][-]{subsection.1.9.7}{\376\377\000D\000a\000t\000a\000\040\000A\000v\000a\000i\000l\000a\000b\000i\000l\000i\000t\000y}{section.1.9}% 38
\BOOKMARK [2][-]{subsection.1.9.8}{\376\377\000D\000a\000t\000a\000\040\000F\000r\000e\000s\000h\000n\000e\000s\000s}{section.1.9}% 39
\BOOKMARK [2][-]{subsection.1.9.9}{\376\377\000S\000e\000c\000u\000r\000e\000\040\000L\000o\000c\000a\000l\000i\000z\000a\000t\000i\000o\000n}{section.1.9}% 40
\BOOKMARK [2][-]{subsection.1.9.10}{\376\377\000P\000a\000t\000i\000e\000n\000t\000\040\000P\000e\000r\000m\000i\000s\000s\000i\000o\000n}{section.1.9}% 41
\BOOKMARK [0][-]{chapter.2}{\376\377\000L\000i\000t\000e\000r\000a\000t\000u\000r\000e\000\040\000R\000e\000v\000i\000e\000w}{}% 42
\BOOKMARK [1][-]{section.2.1}{\376\377\000O\000v\000e\000r\000v\000i\000e\000w}{chapter.2}% 43
\BOOKMARK [1][-]{section.2.2}{\376\377\000R\000e\000v\000i\000e\000w\000\040\000o\000f\000\040\000I\000n\000d\000i\000v\000i\000d\000u\000a\000l\000\040\000S\000t\000u\000d\000i\000e\000s}{chapter.2}% 44
\BOOKMARK [1][-]{section.2.3}{\376\377\000C\000o\000m\000p\000a\000r\000i\000s\000o\000n\000\040\000o\000f\000\040\000L\000i\000t\000e\000r\000a\000t\000u\000r\000e\000\040\000R\000e\000v\000i\000e\000w}{chapter.2}% 45
\BOOKMARK [1][-]{section.2.4}{\376\377\000I\000d\000e\000n\000t\000i\000f\000i\000e\000d\000\040\000G\000a\000p\000s\000\040\000i\000n\000\040\000t\000h\000e\000\040\000L\000i\000t\000e\000r\000a\000t\000u\000r\000e}{chapter.2}% 46
\BOOKMARK [0][-]{chapter.3}{\376\377\000M\000e\000t\000h\000o\000d\000o\000l\000o\000g\000y}{}% 47
\BOOKMARK [1][-]{section.3.1}{\376\377\000O\000v\000e\000r\000v\000i\000e\000w}{chapter.3}% 48
\BOOKMARK [1][-]{section.3.2}{\376\377\000B\000a\000c\000k\000g\000r\000o\000u\000n\000d\000\040\000S\000t\000u\000d\000y}{chapter.3}% 49
\BOOKMARK [1][-]{section.3.3}{\376\377\000R\000e\000s\000e\000a\000r\000c\000h\000\040\000G\000a\000p}{chapter.3}% 50
\BOOKMARK [2][-]{subsection.3.3.1}{\376\377\000L\000i\000m\000i\000t\000e\000d\000\040\000U\000t\000i\000l\000i\000s\000a\000t\000i\000o\000n\000\040\000o\000f\000\040\000A\000d\000v\000a\000n\000c\000e\000d\000\040\000T\000e\000c\000h\000n\000o\000l\000o\000g\000i\000e\000s}{section.3.3}% 51
\BOOKMARK [2][-]{subsection.3.3.2}{\376\377\000L\000a\000c\000k\000\040\000o\000f\000\040\000C\000o\000m\000p\000r\000e\000h\000e\000n\000s\000i\000v\000e\000\040\000D\000a\000t\000a\000\040\000I\000n\000t\000e\000g\000r\000a\000t\000i\000o\000n}{section.3.3}% 52
\BOOKMARK [2][-]{subsection.3.3.3}{\376\377\000D\000y\000n\000a\000m\000i\000c\000\040\000N\000a\000t\000u\000r\000e\000\040\000o\000f\000\040\000F\000r\000a\000u\000d\000\040\000S\000c\000h\000e\000m\000e\000s}{section.3.3}% 53
\BOOKMARK [2][-]{subsection.3.3.4}{\376\377\000B\000l\000o\000c\000k\000c\000h\000a\000i\000n\000\040\000I\000n\000t\000e\000g\000r\000a\000t\000i\000o\000n}{section.3.3}% 54
\BOOKMARK [2][-]{subsection.3.3.5}{\376\377\000E\000t\000h\000i\000c\000a\000l\000\040\000a\000n\000d\000\040\000P\000r\000i\000v\000a\000c\000y\000\040\000C\000o\000n\000c\000e\000r\000n\000s}{section.3.3}% 55
\BOOKMARK [2][-]{subsection.3.3.6}{\376\377\000C\000o\000s\000t\000-\000E\000f\000f\000e\000c\000t\000i\000v\000e\000n\000e\000s\000s}{section.3.3}% 56
\BOOKMARK [2][-]{subsection.3.3.7}{\376\377\000R\000e\000g\000u\000l\000a\000t\000o\000r\000y\000\040\000C\000o\000m\000p\000l\000i\000a\000n\000c\000e}{section.3.3}% 57
\BOOKMARK [2][-]{subsection.3.3.8}{\376\377\000U\000s\000e\000r\000\040\000A\000d\000o\000p\000t\000i\000o\000n\000\040\000a\000n\000d\000\040\000T\000r\000a\000i\000n\000i\000n\000g}{section.3.3}% 58
\BOOKMARK [2][-]{subsection.3.3.9}{\376\377\000R\000e\000a\000l\000-\000W\000o\000r\000l\000d\000\040\000I\000m\000p\000l\000e\000m\000e\000n\000t\000a\000t\000i\000o\000n\000\040\000C\000h\000a\000l\000l\000e\000n\000g\000e\000s}{section.3.3}% 59
\BOOKMARK [2][-]{subsection.3.3.10}{\376\377\000B\000e\000n\000c\000h\000m\000a\000r\000k\000i\000n\000g\000\040\000a\000n\000d\000\040\000E\000v\000a\000l\000u\000a\000t\000i\000o\000n\000\040\000M\000e\000t\000r\000i\000c\000s}{section.3.3}% 60
\BOOKMARK [1][-]{section.3.4}{\376\377\000D\000a\000t\000a\000s\000e\000t\000\040\000D\000e\000s\000c\000r\000i\000p\000t\000i\000o\000n}{chapter.3}% 61
\BOOKMARK [1][-]{section.3.5}{\376\377\000R\000e\000s\000e\000a\000r\000c\000h\000\040\000M\000e\000t\000h\000o\000d\000o\000l\000o\000g\000y}{chapter.3}% 62
\BOOKMARK [2][-]{subsection.3.5.1}{\376\377\000T\000e\000c\000h\000n\000i\000q\000u\000e\000\040\000U\000s\000e\000d}{section.3.5}% 63
\BOOKMARK [0][-]{chapter.4}{\376\377\000R\000e\000s\000u\000l\000t\000s\000\040\000a\000n\000d\000\040\000D\000i\000s\000c\000u\000s\000s\000i\000o\000n}{}% 64
\BOOKMARK [1][-]{section.4.1}{\376\377\000O\000v\000e\000r\000v\000i\000e\000w}{chapter.4}% 65
\BOOKMARK [1][-]{section.4.2}{\376\377\000R\000e\000s\000u\000l\000t\000s\000\040\000A\000n\000a\000l\000y\000s\000i\000s}{chapter.4}% 66
\BOOKMARK [2][-]{subsection.4.2.1}{\376\377\000D\000a\000t\000a\000\040\000I\000n\000p\000u\000t\000\040\000a\000n\000d\000\040\000B\000l\000o\000c\000k\000c\000h\000a\000i\000n\000\040\000R\000e\000s\000u\000l\000t\000s}{section.4.2}% 67
\BOOKMARK [2][-]{subsection.4.2.2}{\376\377\000O\000p\000t\000u\000n\000a\000\040\000H\000y\000p\000e\000r\000p\000a\000r\000a\000m\000e\000t\000e\000r\000\040\000O\000p\000t\000i\000m\000i\000s\000a\000t\000i\000o\000n}{section.4.2}% 68
\BOOKMARK [2][-]{subsection.4.2.3}{\376\377\000M\000o\000d\000e\000l\000\040\000A\000n\000a\000l\000y\000s\000i\000s\000\040\000a\000n\000d\000\040\000P\000e\000r\000f\000o\000r\000m\000a\000n\000c\000e\000\040\000E\000v\000a\000l\000u\000a\000t\000i\000o\000n}{section.4.2}% 69
\BOOKMARK [2][-]{subsection.4.2.4}{\376\377\000S\000t\000a\000t\000i\000s\000t\000i\000c\000a\000l\000\040\000S\000i\000g\000n\000i\000f\000i\000c\000a\000n\000c\000e}{section.4.2}% 70
\BOOKMARK [2][-]{subsection.4.2.5}{\376\377\000T\000h\000r\000e\000s\000h\000o\000l\000d\000\040\000O\000p\000t\000i\000m\000i\000s\000a\000t\000i\000o\000n}{section.4.2}% 71
\BOOKMARK [2][-]{subsection.4.2.6}{\376\377\000B\000o\000o\000t\000s\000t\000r\000a\000p\000\040\000C\000o\000n\000f\000i\000d\000e\000n\000c\000e\000\040\000I\000n\000t\000e\000r\000v\000a\000l\000s}{section.4.2}% 72
\BOOKMARK [2][-]{subsection.4.2.7}{\376\377\000S\000M\000O\000T\000E\000-\000E\000N\000N\000\040\000A\000b\000l\000a\000t\000i\000o\000n\000\040\000S\000t\000u\000d\000y}{section.4.2}% 73
\BOOKMARK [2][-]{subsection.4.2.8}{\376\377\000F\000e\000a\000t\000u\000r\000e\000\040\000I\000m\000p\000o\000r\000t\000a\000n\000c\000e\000\040\000R\000a\000n\000k\000i\000n\000g}{section.4.2}% 74
\BOOKMARK [2][-]{subsection.4.2.9}{\376\377\000S\000H\000A\000P\000\040\000W\000a\000t\000e\000r\000f\000a\000l\000l\000\040\000C\000a\000s\000e\000\040\000S\000t\000u\000d\000i\000e\000s}{section.4.2}% 75
\BOOKMARK [2][-]{subsection.4.2.10}{\376\377\000L\000I\000M\000E\000\040\000E\000x\000p\000l\000a\000n\000a\000t\000i\000o\000n\000s}{section.4.2}% 76
\BOOKMARK [2][-]{subsection.4.2.11}{\376\377\000F\000e\000a\000t\000u\000r\000e\000\040\000S\000e\000l\000e\000c\000t\000i\000o\000n\000\040\000A\000b\000l\000a\000t\000i\000o\000n}{section.4.2}% 77
\BOOKMARK [2][-]{subsection.4.2.12}{\376\377\000L\000e\000a\000r\000n\000i\000n\000g\000\040\000C\000u\000r\000v\000e\000s}{section.4.2}% 78
\BOOKMARK [2][-]{subsection.4.2.13}{\376\377\000C\000a\000l\000i\000b\000r\000a\000t\000i\000o\000n\000\040\000A\000n\000a\000l\000y\000s\000i\000s}{section.4.2}% 79
\BOOKMARK [2][-]{subsection.4.2.14}{\376\377\000B\000l\000o\000c\000k\000c\000h\000a\000i\000n\000\040\000V\000e\000r\000i\000f\000i\000c\000a\000t\000i\000o\000n}{section.4.2}% 80
\BOOKMARK [0][-]{chapter.5}{\376\377\000C\000o\000n\000c\000l\000u\000s\000i\000o\000n\000\040\000a\000n\000d\000\040\000F\000u\000t\000u\000r\000e\000\040\000W\000o\000r\000k}{}% 81
\BOOKMARK [1][-]{section.5.1}{\376\377\000O\000v\000e\000r\000v\000i\000e\000w}{chapter.5}% 82
\BOOKMARK [1][-]{section.5.2}{\376\377\000C\000o\000n\000c\000l\000u\000s\000i\000o\000n}{chapter.5}% 83
\BOOKMARK [2][-]{subsection.5.2.1}{\376\377\000D\000a\000t\000a\000\040\000P\000r\000e\000p\000r\000o\000c\000e\000s\000s\000i\000n\000g\000\040\000a\000n\000d\000\040\000F\000e\000a\000t\000u\000r\000e\000\040\000E\000n\000g\000i\000n\000e\000e\000r\000i\000n\000g}{section.5.2}% 84
\BOOKMARK [2][-]{subsection.5.2.2}{\376\377\000H\000y\000p\000e\000r\000p\000a\000r\000a\000m\000e\000t\000e\000r\000\040\000T\000u\000n\000i\000n\000g\000\040\000a\000n\000d\000\040\000t\000h\000e\000\040\000S\000M\000O\000T\000E\000-\000E\000N\000N\000\040\000F\000i\000n\000d\000i\000n\000g}{section.5.2}% 85
\BOOKMARK [2][-]{subsection.5.2.3}{\376\377\000M\000o\000d\000e\000l\000\040\000P\000e\000r\000f\000o\000r\000m\000a\000n\000c\000e\000\040\000a\000n\000d\000\040\000T\000h\000r\000e\000s\000h\000o\000l\000d\000\040\000O\000p\000t\000i\000m\000i\000s\000a\000t\000i\000o\000n}{section.5.2}% 86
\BOOKMARK [2][-]{subsection.5.2.4}{\376\377\000E\000x\000p\000l\000a\000i\000n\000a\000b\000i\000l\000i\000t\000y\000\040\000v\000i\000a\000\040\000S\000H\000A\000P\000\040\000a\000n\000d\000\040\000L\000I\000M\000E}{section.5.2}% 87
\BOOKMARK [2][-]{subsection.5.2.5}{\376\377\000B\000l\000o\000c\000k\000c\000h\000a\000i\000n\000\040\000A\000r\000c\000h\000i\000t\000e\000c\000t\000u\000r\000e\000\040\000a\000n\000d\000\040\000S\000e\000c\000u\000r\000i\000t\000y\000\040\000P\000r\000o\000p\000e\000r\000t\000i\000e\000s}{section.5.2}% 88
\BOOKMARK [2][-]{subsection.5.2.6}{\376\377\000C\000o\000m\000p\000a\000r\000i\000s\000o\000n\000\040\000w\000i\000t\000h\000\040\000P\000r\000i\000o\000r\000\040\000L\000i\000t\000e\000r\000a\000t\000u\000r\000e}{section.5.2}% 89
\BOOKMARK [1][-]{section.5.3}{\376\377\000L\000i\000m\000i\000t\000a\000t\000i\000o\000n\000s}{chapter.5}% 90
\BOOKMARK [1][-]{section.5.4}{\376\377\000F\000u\000t\000u\000r\000e\000\040\000W\000o\000r\000k}{chapter.5}% 91
\BOOKMARK [0][-]{appendix.A}{\376\377\000A\000p\000p\000e\000n\000d\000i\000x}{}% 92
\BOOKMARK [1][-]{section.A.1}{\376\377\000T\000u\000n\000e\000d\000\040\000H\000y\000p\000e\000r\000p\000a\000r\000a\000m\000e\000t\000e\000r\000s}{appendix.A}% 93
\BOOKMARK [1][-]{section.A.2}{\376\377\000M\000o\000d\000e\000l\000\040\000P\000e\000r\000f\000o\000r\000m\000a\000n\000c\000e\000\040\000S\000u\000m\000m\000a\000r\000y}{appendix.A}% 94
\BOOKMARK [1][-]{section.A.3}{\376\377\0001\0009\0000\000\040\000E\000n\000g\000i\000n\000e\000e\000r\000e\000d\000\040\000F\000e\000a\000t\000u\000r\000e\000s\000\040\000\050\0005\0002\000\040\000C\000o\000r\000e\000\040\000+\000\040\0001\0003\0008\000\040\000D\000e\000r\000i\000v\000e\000d\000\051}{appendix.A}% 95
